<?xml version="1.0" encoding="UTF-8"?>
<testsuite xmlns:xsi="http://www.w3.org/2001/XMLSchema-instance" xsi:noNamespaceSchemaLocation="https://maven.apache.org/surefire/maven-surefire-plugin/xsd/surefire-test-report-3.0.xsd" version="3.0" name="com.booking.azure.service.SlotWiederherstellungTest" time="8.363" tests="4" errors="0" skipped="0" failures="0">
  <properties>
[...]
</properties>
  <testcase name="andererMitarbeiterIstKeinTreffer" classname="com.booking.azure.service.SlotWiederherstellungTest" time="2.095">
    <system-out><![CDATA[2026-07-29T21:13:24.578+02:00  INFO 22880 --- [azure-buchungs-api] [           main] t.c.s.AnnotationConfigContextLoaderUtils : Could not detect default configuration classes for test class [com.booking.azure.service.SlotWiederherstellungTest]: SlotWiederherstellungTest does not declare any static, non-private, non-final, nested classes annotated with @Configuration.
2026-07-29T21:13:24.580+02:00  INFO 22880 --- [azure-buchungs-api] [           main] .b.t.c.SpringBootTestContextBootstrapper : Found @SpringBootConfiguration com.booking.azure.AzureBookingApplication for test class com.booking.azure.service.SlotWiederherstellungTest
2026-07-29T21:13:24.606+02:00  INFO 22880 --- [azure-buchungs-api] [-auto-1-exec-10] c.b.azure.service.AppointmentService     : Neuer Termin wird erstellt in Betrieb agenturtest, Dienst: dienst-1
2026-07-29T21:13:26.620+02:00  WARN 22880 --- [azure-buchungs-api] [ctor-http-nio-3] r.netty.http.client.HttpClientConnect    : [d9e383c8-14, L:/127.0.0.1:62926 - R:localhost/127.0.0.1:62890] The connection observed an error

io.netty.handler.timeout.ReadTimeoutException: null

2026-07-29T21:13:26.620+02:00 ERROR 22880 --- [azure-buchungs-api] [-auto-1-exec-10] c.booking.azure.service.GraphApiClient   : Keine Antwort von Graph bei POST http://localhost:62890/v1.0/solutions/bookingBusinesses/agenturtest/appointments: null
2026-07-29T21:13:26.620+02:00 ERROR 22880 --- [azure-buchungs-api] [-auto-1-exec-10] c.b.azure.service.AppointmentService     : Kein definitives Ergebnis von Graph. Reservierung [1] bleibt PENDING und wird NICHT freigegeben – Prüfung durch den Wiederherstellungsjob erforderlich. Microsoft Graph hat auf POST nicht geantwortet. Ob die Operation ausgeführt wurde, ist unbekannt.
2026-07-29T21:13:26.620+02:00 ERROR 22880 --- [azure-buchungs-api] [-auto-1-exec-10] c.b.a.exception.GlobalExceptionHandler   : Keine Antwort von Graph, Ausgang unbekannt: Microsoft Graph hat auf POST nicht geantwortet. Ob die Operation ausgeführt wurde, ist unbekannt.
2026-07-29T21:13:26.642+02:00  INFO 22880 --- [azure-buchungs-api] [           main] c.b.a.s.SlotWiederherstellungService     : 1 verwaiste Slot-Reservierung(en) werden gegen Graph geprüft
2026-07-29T21:13:26.644+02:00  INFO 22880 --- [azure-buchungs-api] [           main] c.b.azure.service.AppointmentService     : Kalenderansicht für Betrieb agenturtest: 2026-08-03T09:00:00Z → 2026-08-03T12:00:00Z
2026-07-29T21:13:26.673+02:00  INFO 22880 --- [azure-buchungs-api] [           main] c.b.a.s.SlotWiederherstellungService     : Verwaiste Reservierung 1 freigegeben: kein passender Termin in Graph (Mitarbeiter mitarbeiter-a, 2026-08-03T10:00:00Z – 2026-08-03T11:00:00Z)
]]></system-out>
  </testcase>
  <testcase name="verwaisteOhneTerminWerdenFreigegeben" classname="com.booking.azure.service.SlotWiederherstellungTest" time="2.108">
    <system-out><![CDATA[2026-07-29T21:13:26.703+02:00  INFO 22880 --- [azure-buchungs-api] [o-auto-1-exec-8] c.b.azure.service.AppointmentService     : Neuer Termin wird erstellt in Betrieb agenturtest, Dienst: dienst-1
2026-07-29T21:13:28.717+02:00  WARN 22880 --- [azure-buchungs-api] [ctor-http-nio-4] r.netty.http.client.HttpClientConnect    : [07092c22-2, L:/127.0.0.1:62927 - R:localhost/127.0.0.1:62890] The connection observed an error

io.netty.handler.timeout.ReadTimeoutException: null

2026-07-29T21:13:28.717+02:00 ERROR 22880 --- [azure-buchungs-api] [o-auto-1-exec-8] c.booking.azure.service.GraphApiClient   : Keine Antwort von Graph bei POST http://localhost:62890/v1.0/solutions/bookingBusinesses/agenturtest/appointments: null
2026-07-29T21:13:28.717+02:00 ERROR 22880 --- [azure-buchungs-api] [o-auto-1-exec-8] c.b.azure.service.AppointmentService     : Kein definitives Ergebnis von Graph. Reservierung [1] bleibt PENDING und wird NICHT freigegeben – Prüfung durch den Wiederherstellungsjob erforderlich. Microsoft Graph hat auf POST nicht geantwortet. Ob die Operation ausgeführt wurde, ist unbekannt.
2026-07-29T21:13:28.717+02:00 ERROR 22880 --- [azure-buchungs-api] [o-auto-1-exec-8] c.b.a.exception.GlobalExceptionHandler   : Keine Antwort von Graph, Ausgang unbekannt: Microsoft Graph hat auf POST nicht geantwortet. Ob die Operation ausgeführt wurde, ist unbekannt.
2026-07-29T21:13:28.730+02:00  INFO 22880 --- [azure-buchungs-api] [           main] c.b.a.s.SlotWiederherstellungService     : 1 verwaiste Slot-Reservierung(en) werden gegen Graph geprüft
2026-07-29T21:13:28.730+02:00  INFO 22880 --- [azure-buchungs-api] [           main] c.b.azure.service.AppointmentService     : Kalenderansicht für Betrieb agenturtest: 2026-08-03T09:00:00Z → 2026-08-03T12:00:00Z
2026-07-29T21:13:28.745+02:00  INFO 22880 --- [azure-buchungs-api] [           main] c.b.a.s.SlotWiederherstellungService     : Verwaiste Reservierung 1 freigegeben: kein passender Termin in Graph (Mitarbeiter mitarbeiter-a, 2026-08-03T10:00:00Z – 2026-08-03T11:00:00Z)
2026-07-29T21:13:28.765+02:00  INFO 22880 --- [azure-buchungs-api] [o-auto-1-exec-1] c.b.azure.service.AppointmentService     : Neuer Termin wird erstellt in Betrieb agenturtest, Dienst: dienst-1
]]></system-out>
  </testcase>
  <testcase name="ohneAntwortVonGraphWirdNichtsGeaendert" classname="com.booking.azure.service.SlotWiederherstellungTest" time="2.059">
    <system-out><![CDATA[2026-07-29T21:13:28.798+02:00  INFO 22880 --- [azure-buchungs-api] [-auto-1-exec-12] c.b.azure.service.AppointmentService     : Neuer Termin wird erstellt in Betrieb agenturtest, Dienst: dienst-1
2026-07-29T21:13:30.816+02:00  WARN 22880 --- [azure-buchungs-api] [ctor-http-nio-5] r.netty.http.client.HttpClientConnect    : [3d1a69cf-3, L:/127.0.0.1:62929 - R:localhost/127.0.0.1:62890] The connection observed an error

io.netty.handler.timeout.ReadTimeoutException: null

2026-07-29T21:13:30.816+02:00 ERROR 22880 --- [azure-buchungs-api] [-auto-1-exec-12] c.booking.azure.service.GraphApiClient   : Keine Antwort von Graph bei POST http://localhost:62890/v1.0/solutions/bookingBusinesses/agenturtest/appointments: null
2026-07-29T21:13:30.816+02:00 ERROR 22880 --- [azure-buchungs-api] [-auto-1-exec-12] c.b.azure.service.AppointmentService     : Kein definitives Ergebnis von Graph. Reservierung [1] bleibt PENDING und wird NICHT freigegeben – Prüfung durch den Wiederherstellungsjob erforderlich. Microsoft Graph hat auf POST nicht geantwortet. Ob die Operation ausgeführt wurde, ist unbekannt.
2026-07-29T21:13:30.816+02:00 ERROR 22880 --- [azure-buchungs-api] [-auto-1-exec-12] c.b.a.exception.GlobalExceptionHandler   : Keine Antwort von Graph, Ausgang unbekannt: Microsoft Graph hat auf POST nicht geantwortet. Ob die Operation ausgeführt wurde, ist unbekannt.
2026-07-29T21:13:30.836+02:00  INFO 22880 --- [azure-buchungs-api] [           main] c.b.a.s.SlotWiederherstellungService     : 1 verwaiste Slot-Reservierung(en) werden gegen Graph geprüft
2026-07-29T21:13:30.836+02:00  INFO 22880 --- [azure-buchungs-api] [           main] c.b.azure.service.AppointmentService     : Kalenderansicht für Betrieb agenturtest: 2026-08-03T09:00:00Z → 2026-08-03T12:00:00Z
2026-07-29T21:13:30.841+02:00 ERROR 22880 --- [azure-buchungs-api] [           main] c.booking.azure.service.GraphApiClient   : Fehler bei GET http://localhost:62890/v1.0/solutions/bookingBusinesses/agenturtest/calendarView?startDateTime=2026-08-03T09:00:00Z&endDateTime=2026-08-03T12:00:00Z: Graph antwortete mit Status 503
2026-07-29T21:13:30.842+02:00  WARN 22880 --- [azure-buchungs-api] [           main] c.b.a.s.SlotWiederherstellungService     : Kalenderansicht für Betrieb agenturtest nicht abrufbar, 1 Reservierung(en) bleiben unverändert: Graph-API-Fehler [503]: {"error":"nicht verfügbar"}
]]></system-out>
  </testcase>
  <testcase name="verwaisteMitTerminWerdenNichtFreigegeben" classname="com.booking.azure.service.SlotWiederherstellungTest" time="2.093">
    <system-out><![CDATA[2026-07-29T21:13:30.863+02:00  INFO 22880 --- [azure-buchungs-api] [o-auto-1-exec-4] c.b.azure.service.AppointmentService     : Neuer Termin wird erstellt in Betrieb agenturtest, Dienst: dienst-1
2026-07-29T21:13:32.880+02:00  WARN 22880 --- [azure-buchungs-api] [ctor-http-nio-6] r.netty.http.client.HttpClientConnect    : [dff82cb2-2, L:/127.0.0.1:62930 - R:localhost/127.0.0.1:62890] The connection observed an error

io.netty.handler.timeout.ReadTimeoutException: null

2026-07-29T21:13:32.880+02:00 ERROR 22880 --- [azure-buchungs-api] [o-auto-1-exec-4] c.booking.azure.service.GraphApiClient   : Keine Antwort von Graph bei POST http://localhost:62890/v1.0/solutions/bookingBusinesses/agenturtest/appointments: null
2026-07-29T21:13:32.880+02:00 ERROR 22880 --- [azure-buchungs-api] [o-auto-1-exec-4] c.b.azure.service.AppointmentService     : Kein definitives Ergebnis von Graph. Reservierung [1] bleibt PENDING und wird NICHT freigegeben – Prüfung durch den Wiederherstellungsjob erforderlich. Microsoft Graph hat auf POST nicht geantwortet. Ob die Operation ausgeführt wurde, ist unbekannt.
2026-07-29T21:13:32.880+02:00 ERROR 22880 --- [azure-buchungs-api] [o-auto-1-exec-4] c.b.a.exception.GlobalExceptionHandler   : Keine Antwort von Graph, Ausgang unbekannt: Microsoft Graph hat auf POST nicht geantwortet. Ob die Operation ausgeführt wurde, ist unbekannt.
2026-07-29T21:13:32.894+02:00  INFO 22880 --- [azure-buchungs-api] [           main] c.b.a.s.SlotWiederherstellungService     : 1 verwaiste Slot-Reservierung(en) werden gegen Graph geprüft
2026-07-29T21:13:32.894+02:00  INFO 22880 --- [azure-buchungs-api] [           main] c.b.azure.service.AppointmentService     : Kalenderansicht für Betrieb agenturtest: 2026-08-03T09:00:00Z → 2026-08-03T12:00:00Z
2026-07-29T21:13:32.906+02:00  INFO 22880 --- [azure-buchungs-api] [           main] c.b.a.s.SlotWiederherstellungService     : Verwaiste Reservierung 1 wiederhergestellt: Termin TERMIN-1 existiert in Graph
2026-07-29T21:13:32.927+02:00  INFO 22880 --- [azure-buchungs-api] [o-auto-1-exec-2] c.b.azure.service.AppointmentService     : Neuer Termin wird erstellt in Betrieb agenturtest, Dienst: dienst-1
2026-07-29T21:13:32.934+02:00  WARN 22880 --- [azure-buchungs-api] [o-auto-1-exec-2] o.h.engine.jdbc.spi.SqlExceptionHelper   : SQL Error: 0, SQLState: 23P01
2026-07-29T21:13:32.934+02:00 ERROR 22880 --- [azure-buchungs-api] [o-auto-1-exec-2] o.h.engine.jdbc.spi.SqlExceptionHelper   : ERROR: conflicting key value violates exclusion constraint "ex_slot_overlap"
  Detail: Key (business_id, staff_member_id, tstzrange(start_utc, end_utc, '[)'::text))=(agenturtest, mitarbeiter-a, ["2026-08-03 12:00:00+02","2026-08-03 13:00:00+02")) conflicts with existing key (business_id, staff_member_id, tstzrange(start_utc, end_utc, '[)'::text))=(agenturtest, mitarbeiter-a, ["2026-08-03 12:00:00+02","2026-08-03 13:00:00+02")).
2026-07-29T21:13:32.935+02:00  INFO 22880 --- [azure-buchungs-api] [o-auto-1-exec-2] c.b.a.i.p.SlotReservationJpaAdapter      : Slot bereits belegt: Betrieb=agenturtest, Mitarbeiter=[mitarbeiter-a], 2026-08-03T10:00:00Z – 2026-08-03T11:00:00Z
2026-07-29T21:13:32.937+02:00  INFO 22880 --- [azure-buchungs-api] [o-auto-1-exec-2] c.b.a.exception.GlobalExceptionHandler   : Slot-Kollision abgewiesen: Der Zeitraum 2026-08-03T10:00:00Z bis 2026-08-03T11:00:00Z ist für mindestens einen der Mitarbeiter [mitarbeiter-a] bereits belegt.
]]></system-out>
  </testcase>
</testsuite>