<?xml version="1.0" encoding="UTF-8"?>
<testsuite xmlns:xsi="http://www.w3.org/2001/XMLSchema-instance" xsi:noNamespaceSchemaLocation="https://maven.apache.org/surefire/maven-surefire-plugin/xsd/surefire-test-report-3.0.xsd" version="3.0" name="com.booking.azure.service.AppointmentConcurrencyTest" time="13.424" tests="2" errors="0" skipped="0" failures="0">
  <properties>
[...]
</properties>
  <testcase name="gleichzeitigeAnfragenAufDenselbenSlot" classname="com.booking.azure.service.AppointmentConcurrencyTest" time="1.434">
    <system-out><![CDATA[21:13:08.527 [main] INFO org.springframework.test.context.support.AnnotationConfigContextLoaderUtils -- Could not detect default configuration classes for test class [com.booking.azure.service.AppointmentConcurrencyTest]: AppointmentConcurrencyTest does not declare any static, non-private, non-final, nested classes annotated with @Configuration.
21:13:08.645 [main] INFO org.springframework.boot.test.context.SpringBootTestContextBootstrapper -- Found @SpringBootConfiguration com.booking.azure.AzureBookingApplication for test class com.booking.azure.service.AppointmentConcurrencyTest
21:13:09.358 [main] INFO org.testcontainers.images.PullPolicy -- Image pull policy will be performed by: DefaultPullPolicy()
21:13:09.362 [main] INFO org.testcontainers.utility.ImageNameSubstitutor -- Image name substitution will be performed by: DefaultImageNameSubstitutor (composite of 'ConfigurationFileImageNameSubstitutor' and 'PrefixingImageNameSubstitutor')
21:13:09.587 [main] INFO org.testcontainers.DockerClientFactory -- Testcontainers version: 1.21.3
21:13:10.013 [main] INFO org.testcontainers.dockerclient.DockerClientProviderStrategy -- Found Docker environment with Environment variables, system properties and defaults. Resolved dockerHost=npipe:////./pipe/dockerDesktopLinuxEngine
21:13:10.013 [main] INFO org.testcontainers.DockerClientFactory -- Docker host IP address is localhost
21:13:10.041 [main] INFO org.testcontainers.DockerClientFactory -- Connected to docker: 
  Server Version: 29.5.3
  API Version: 1.54
  Operating System: Docker Desktop
  Total Memory: 15952 MB
  Labels: 
    com.docker.desktop.address=npipe://\\.\pipe\docker_cli
21:13:10.194 [main] INFO tc.testcontainers/ryuk:0.12.0 -- Creating container for image: testcontainers/ryuk:0.12.0
21:13:10.398 [main] INFO tc.testcontainers/ryuk:0.12.0 -- Container testcontainers/ryuk:0.12.0 is starting: 05e017dcbd243035ff6d30e5970618d180b03e8cf174489a8289ac5c599e242b
21:13:10.758 [main] INFO tc.testcontainers/ryuk:0.12.0 -- Container testcontainers/ryuk:0.12.0 started in PT0.5638782S
21:13:10.764 [main] INFO org.testcontainers.utility.RyukResourceReaper -- Ryuk started - will monitor and terminate Testcontainers containers on JVM exit
21:13:10.764 [main] INFO org.testcontainers.DockerClientFactory -- Checking the system...
21:13:10.764 [main] INFO org.testcontainers.DockerClientFactory -- ✔︎ Docker server version should be at least 1.6.0
21:13:10.765 [main] INFO tc.postgres:16-alpine -- Creating container for image: postgres:16-alpine
21:13:10.908 [main] INFO tc.postgres:16-alpine -- Container postgres:16-alpine is starting: d3ce41cb14a3a70bdf050995d5e271ca2090c62ef6d924453fcd063930560194
21:13:12.703 [main] INFO tc.postgres:16-alpine -- Container postgres:16-alpine started in PT1.9379697S
21:13:12.704 [main] INFO tc.postgres:16-alpine -- Container is started (JDBC URL: jdbc:postgresql://localhost:62893/buchung_test?loggerLevel=OFF)

  .   ____          _            __ _ _
 /\\ / ___'_ __ _ _(_)_ __  __ _ \ \ \ \
( ( )\___ | '_ | '_| | '_ \/ _` | \ \ \ \
 \\/  ___)| |_)| | | | | || (_| |  ) ) ) )
  '  |____| .__|_| |_|_| |_\__, | / / / /
 =========|_|==============|___/=/_/_/_/
 :: Spring Boot ::                (v3.2.3)

2026-07-29T21:13:13.065+02:00  INFO 22880 --- [azure-buchungs-api] [           main] c.b.a.s.AppointmentConcurrencyTest       : Starting AppointmentConcurrencyTest using Java 21.0.3 with PID 22880 (started by rauls in D:\projects\azure_booking)
2026-07-29T21:13:13.065+02:00  INFO 22880 --- [azure-buchungs-api] [           main] c.b.a.s.AppointmentConcurrencyTest       : The following 1 profile is active: "test"
2026-07-29T21:13:14.149+02:00  INFO 22880 --- [azure-buchungs-api] [           main] .s.d.r.c.RepositoryConfigurationDelegate : Bootstrapping Spring Data JPA repositories in DEFAULT mode.
2026-07-29T21:13:14.287+02:00  INFO 22880 --- [azure-buchungs-api] [           main] .s.d.r.c.RepositoryConfigurationDelegate : Finished Spring Data repository scanning in 129 ms. Found 1 JPA repository interface.
2026-07-29T21:13:16.160+02:00  INFO 22880 --- [azure-buchungs-api] [           main] o.s.b.w.embedded.tomcat.TomcatWebServer  : Tomcat initialized with port 0 (http)
2026-07-29T21:13:16.174+02:00  INFO 22880 --- [azure-buchungs-api] [           main] o.apache.catalina.core.StandardService   : Starting service [Tomcat]
2026-07-29T21:13:16.174+02:00  INFO 22880 --- [azure-buchungs-api] [           main] o.apache.catalina.core.StandardEngine    : Starting Servlet engine: [Apache Tomcat/10.1.19]
2026-07-29T21:13:16.277+02:00  INFO 22880 --- [azure-buchungs-api] [           main] o.a.c.c.C.[Tomcat].[localhost].[/]       : Initializing Spring embedded WebApplicationContext
2026-07-29T21:13:16.277+02:00  INFO 22880 --- [azure-buchungs-api] [           main] w.s.c.ServletWebServerApplicationContext : Root WebApplicationContext: initialization completed in 3182 ms
2026-07-29T21:13:16.597+02:00  INFO 22880 --- [azure-buchungs-api] [           main] com.zaxxer.hikari.HikariDataSource       : HikariPool-1 - Starting...
2026-07-29T21:13:16.797+02:00  INFO 22880 --- [azure-buchungs-api] [           main] com.zaxxer.hikari.pool.HikariPool        : HikariPool-1 - Added connection org.postgresql.jdbc.PgConnection@4b708c16
2026-07-29T21:13:16.799+02:00  INFO 22880 --- [azure-buchungs-api] [           main] com.zaxxer.hikari.HikariDataSource       : HikariPool-1 - Start completed.
2026-07-29T21:13:16.896+02:00  INFO 22880 --- [azure-buchungs-api] [           main] o.f.c.internal.license.VersionPrinter    : Flyway Community Edition 9.22.3 by Redgate
2026-07-29T21:13:16.896+02:00  INFO 22880 --- [azure-buchungs-api] [           main] o.f.c.internal.license.VersionPrinter    : See release notes here: https://rd.gt/416ObMi
2026-07-29T21:13:16.896+02:00  INFO 22880 --- [azure-buchungs-api] [           main] o.f.c.internal.license.VersionPrinter    : 
2026-07-29T21:13:16.923+02:00  INFO 22880 --- [azure-buchungs-api] [           main] org.flywaydb.core.FlywayExecutor         : Database: jdbc:postgresql://localhost:62893/buchung_test (PostgreSQL 16.14)
2026-07-29T21:13:16.936+02:00  WARN 22880 --- [azure-buchungs-api] [           main] o.f.c.internal.database.base.Database    : Flyway upgrade recommended: PostgreSQL 16.14 is newer than this version of Flyway and support has not been tested. The latest supported version of PostgreSQL is 15.
2026-07-29T21:13:16.968+02:00  INFO 22880 --- [azure-buchungs-api] [           main] o.f.c.i.s.JdbcTableSchemaHistory         : Schema history table "public"."flyway_schema_history" does not exist yet
2026-07-29T21:13:16.972+02:00  INFO 22880 --- [azure-buchungs-api] [           main] o.f.core.internal.command.DbValidate     : Successfully validated 1 migration (execution time 00:00.022s)
2026-07-29T21:13:16.993+02:00  INFO 22880 --- [azure-buchungs-api] [           main] o.f.c.i.s.JdbcTableSchemaHistory         : Creating Schema History table "public"."flyway_schema_history" ...
2026-07-29T21:13:17.036+02:00  INFO 22880 --- [azure-buchungs-api] [           main] o.f.core.internal.command.DbMigrate      : Current version of schema "public": << Empty Schema >>
2026-07-29T21:13:17.047+02:00  INFO 22880 --- [azure-buchungs-api] [           main] o.f.core.internal.command.DbMigrate      : Migrating schema "public" to version "1 - slot reservation"
2026-07-29T21:13:17.178+02:00  INFO 22880 --- [azure-buchungs-api] [           main] o.f.core.internal.command.DbMigrate      : Successfully applied 1 migration to schema "public", now at version v1 (execution time 00:00.110s)
2026-07-29T21:13:17.293+02:00  INFO 22880 --- [azure-buchungs-api] [           main] o.hibernate.jpa.internal.util.LogHelper  : HHH000204: Processing PersistenceUnitInfo [name: default]
2026-07-29T21:13:17.374+02:00  INFO 22880 --- [azure-buchungs-api] [           main] org.hibernate.Version                    : HHH000412: Hibernate ORM core version 6.4.4.Final
2026-07-29T21:13:17.442+02:00  INFO 22880 --- [azure-buchungs-api] [           main] o.h.c.internal.RegionFactoryInitiator    : HHH000026: Second-level cache disabled
2026-07-29T21:13:17.583+02:00  INFO 22880 --- [azure-buchungs-api] [           main] o.s.o.j.p.SpringPersistenceUnitInfo      : No LoadTimeWeaver setup: ignoring JPA class transformer
2026-07-29T21:13:18.536+02:00  INFO 22880 --- [azure-buchungs-api] [           main] o.h.e.t.j.p.i.JtaPlatformInitiator       : HHH000489: No JTA platform available (set 'hibernate.transaction.jta.platform' to enable JTA platform integration)
2026-07-29T21:13:18.587+02:00  INFO 22880 --- [azure-buchungs-api] [           main] j.LocalContainerEntityManagerFactoryBean : Initialized JPA EntityManagerFactory for persistence unit 'default'
2026-07-29T21:13:20.072+02:00  INFO 22880 --- [azure-buchungs-api] [           main] o.s.b.a.e.web.EndpointLinksResolver      : Exposing 2 endpoint(s) beneath base path '/actuator'
2026-07-29T21:13:20.167+02:00  INFO 22880 --- [azure-buchungs-api] [           main] o.s.b.w.embedded.tomcat.TomcatWebServer  : Tomcat started on port 62904 (http) with context path ''
2026-07-29T21:13:20.181+02:00  INFO 22880 --- [azure-buchungs-api] [           main] c.b.a.s.AppointmentConcurrencyTest       : Started AppointmentConcurrencyTest in 7.457 seconds (process running for 12.441)
2026-07-29T21:13:20.584+02:00  INFO 22880 --- [azure-buchungs-api] [o-auto-1-exec-3] o.a.c.c.C.[Tomcat].[localhost].[/]       : Initializing Spring DispatcherServlet 'dispatcherServlet'
2026-07-29T21:13:20.811+02:00  INFO 22880 --- [azure-buchungs-api] [-auto-1-exec-13] c.b.azure.service.AppointmentService     : Neuer Termin wird erstellt in Betrieb agenturtest, Dienst: 5d1f2b3c-0000-0000-0000-000000000001
2026-07-29T21:13:20.812+02:00  INFO 22880 --- [azure-buchungs-api] [-auto-1-exec-12] c.b.azure.service.AppointmentService     : Neuer Termin wird erstellt in Betrieb agenturtest, Dienst: 5d1f2b3c-0000-0000-0000-000000000001
2026-07-29T21:13:20.812+02:00  INFO 22880 --- [azure-buchungs-api] [o-auto-1-exec-5] c.b.azure.service.AppointmentService     : Neuer Termin wird erstellt in Betrieb agenturtest, Dienst: 5d1f2b3c-0000-0000-0000-000000000001
2026-07-29T21:13:20.812+02:00  INFO 22880 --- [azure-buchungs-api] [o-auto-1-exec-6] c.b.azure.service.AppointmentService     : Neuer Termin wird erstellt in Betrieb agenturtest, Dienst: 5d1f2b3c-0000-0000-0000-000000000001
2026-07-29T21:13:20.812+02:00  INFO 22880 --- [azure-buchungs-api] [-auto-1-exec-16] c.b.azure.service.AppointmentService     : Neuer Termin wird erstellt in Betrieb agenturtest, Dienst: 5d1f2b3c-0000-0000-0000-000000000001
2026-07-29T21:13:20.812+02:00  INFO 22880 --- [azure-buchungs-api] [-auto-1-exec-19] c.b.azure.service.AppointmentService     : Neuer Termin wird erstellt in Betrieb agenturtest, Dienst: 5d1f2b3c-0000-0000-0000-000000000001
2026-07-29T21:13:20.812+02:00  INFO 22880 --- [azure-buchungs-api] [-auto-1-exec-11] c.b.azure.service.AppointmentService     : Neuer Termin wird erstellt in Betrieb agenturtest, Dienst: 5d1f2b3c-0000-0000-0000-000000000001
2026-07-29T21:13:20.812+02:00  INFO 22880 --- [azure-buchungs-api] [o-auto-1-exec-2] c.b.azure.service.AppointmentService     : Neuer Termin wird erstellt in Betrieb agenturtest, Dienst: 5d1f2b3c-0000-0000-0000-000000000001
2026-07-29T21:13:20.812+02:00  INFO 22880 --- [azure-buchungs-api] [-auto-1-exec-15] c.b.azure.service.AppointmentService     : Neuer Termin wird erstellt in Betrieb agenturtest, Dienst: 5d1f2b3c-0000-0000-0000-000000000001
2026-07-29T21:13:20.812+02:00  INFO 22880 --- [azure-buchungs-api] [o-auto-1-exec-1] c.b.azure.service.AppointmentService     : Neuer Termin wird erstellt in Betrieb agenturtest, Dienst: 5d1f2b3c-0000-0000-0000-000000000001
2026-07-29T21:13:20.812+02:00  INFO 22880 --- [azure-buchungs-api] [o-auto-1-exec-4] c.b.azure.service.AppointmentService     : Neuer Termin wird erstellt in Betrieb agenturtest, Dienst: 5d1f2b3c-0000-0000-0000-000000000001
2026-07-29T21:13:20.813+02:00  INFO 22880 --- [azure-buchungs-api] [o-auto-1-exec-9] c.b.azure.service.AppointmentService     : Neuer Termin wird erstellt in Betrieb agenturtest, Dienst: 5d1f2b3c-0000-0000-0000-000000000001
2026-07-29T21:13:20.812+02:00  INFO 22880 --- [azure-buchungs-api] [-auto-1-exec-18] c.b.azure.service.AppointmentService     : Neuer Termin wird erstellt in Betrieb agenturtest, Dienst: 5d1f2b3c-0000-0000-0000-000000000001
2026-07-29T21:13:20.813+02:00  INFO 22880 --- [azure-buchungs-api] [-auto-1-exec-14] c.b.azure.service.AppointmentService     : Neuer Termin wird erstellt in Betrieb agenturtest, Dienst: 5d1f2b3c-0000-0000-0000-000000000001
2026-07-29T21:13:20.812+02:00  INFO 22880 --- [azure-buchungs-api] [-auto-1-exec-20] c.b.azure.service.AppointmentService     : Neuer Termin wird erstellt in Betrieb agenturtest, Dienst: 5d1f2b3c-0000-0000-0000-000000000001
2026-07-29T21:13:20.812+02:00  INFO 22880 --- [azure-buchungs-api] [o-auto-1-exec-8] c.b.azure.service.AppointmentService     : Neuer Termin wird erstellt in Betrieb agenturtest, Dienst: 5d1f2b3c-0000-0000-0000-000000000001
2026-07-29T21:13:20.813+02:00  INFO 22880 --- [azure-buchungs-api] [o-auto-1-exec-3] c.b.azure.service.AppointmentService     : Neuer Termin wird erstellt in Betrieb agenturtest, Dienst: 5d1f2b3c-0000-0000-0000-000000000001
2026-07-29T21:13:20.813+02:00  INFO 22880 --- [azure-buchungs-api] [o-auto-1-exec-7] c.b.azure.service.AppointmentService     : Neuer Termin wird erstellt in Betrieb agenturtest, Dienst: 5d1f2b3c-0000-0000-0000-000000000001
2026-07-29T21:13:20.813+02:00  INFO 22880 --- [azure-buchungs-api] [-auto-1-exec-10] c.b.azure.service.AppointmentService     : Neuer Termin wird erstellt in Betrieb agenturtest, Dienst: 5d1f2b3c-0000-0000-0000-000000000001
2026-07-29T21:13:20.813+02:00  INFO 22880 --- [azure-buchungs-api] [-auto-1-exec-17] c.b.azure.service.AppointmentService     : Neuer Termin wird erstellt in Betrieb agenturtest, Dienst: 5d1f2b3c-0000-0000-0000-000000000001
2026-07-29T21:13:20.925+02:00  WARN 22880 --- [azure-buchungs-api] [-auto-1-exec-16] o.h.engine.jdbc.spi.SqlExceptionHelper   : SQL Error: 0, SQLState: 23P01
2026-07-29T21:13:20.925+02:00  WARN 22880 --- [azure-buchungs-api] [o-auto-1-exec-4] o.h.engine.jdbc.spi.SqlExceptionHelper   : SQL Error: 0, SQLState: 23P01
2026-07-29T21:13:20.925+02:00 ERROR 22880 --- [azure-buchungs-api] [-auto-1-exec-16] o.h.engine.jdbc.spi.SqlExceptionHelper   : ERROR: conflicting key value violates exclusion constraint "ex_slot_overlap"
  Detail: Key (business_id, staff_member_id, tstzrange(start_utc, end_utc, '[)'::text))=(agenturtest, a1b2c3d4-0000-0000-0000-000000000002, ["2026-08-03 10:00:00+02","2026-08-03 11:00:00+02")) conflicts with existing key (business_id, staff_member_id, tstzrange(start_utc, end_utc, '[)'::text))=(agenturtest, a1b2c3d4-0000-0000-0000-000000000002, ["2026-08-03 10:00:00+02","2026-08-03 11:00:00+02")).
2026-07-29T21:13:20.925+02:00  WARN 22880 --- [azure-buchungs-api] [-auto-1-exec-12] o.h.engine.jdbc.spi.SqlExceptionHelper   : SQL Error: 0, SQLState: 23P01
2026-07-29T21:13:20.926+02:00 ERROR 22880 --- [azure-buchungs-api] [-auto-1-exec-12] o.h.engine.jdbc.spi.SqlExceptionHelper   : ERROR: conflicting key value violates exclusion constraint "ex_slot_overlap"
  Detail: Key (business_id, staff_member_id, tstzrange(start_utc, end_utc, '[)'::text))=(agenturtest, a1b2c3d4-0000-0000-0000-000000000002, ["2026-08-03 10:00:00+02","2026-08-03 11:00:00+02")) conflicts with existing key (business_id, staff_member_id, tstzrange(start_utc, end_utc, '[)'::text))=(agenturtest, a1b2c3d4-0000-0000-0000-000000000002, ["2026-08-03 10:00:00+02","2026-08-03 11:00:00+02")).
2026-07-29T21:13:20.926+02:00  WARN 22880 --- [azure-buchungs-api] [-auto-1-exec-15] o.h.engine.jdbc.spi.SqlExceptionHelper   : SQL Error: 0, SQLState: 23P01
2026-07-29T21:13:20.926+02:00 ERROR 22880 --- [azure-buchungs-api] [-auto-1-exec-15] o.h.engine.jdbc.spi.SqlExceptionHelper   : ERROR: conflicting key value violates exclusion constraint "ex_slot_overlap"
  Detail: Key (business_id, staff_member_id, tstzrange(start_utc, end_utc, '[)'::text))=(agenturtest, a1b2c3d4-0000-0000-0000-000000000002, ["2026-08-03 10:00:00+02","2026-08-03 11:00:00+02")) conflicts with existing key (business_id, staff_member_id, tstzrange(start_utc, end_utc, '[)'::text))=(agenturtest, a1b2c3d4-0000-0000-0000-000000000002, ["2026-08-03 10:00:00+02","2026-08-03 11:00:00+02")).
2026-07-29T21:13:20.926+02:00  WARN 22880 --- [azure-buchungs-api] [-auto-1-exec-10] o.h.engine.jdbc.spi.SqlExceptionHelper   : SQL Error: 0, SQLState: 23P01
2026-07-29T21:13:20.926+02:00 ERROR 22880 --- [azure-buchungs-api] [-auto-1-exec-10] o.h.engine.jdbc.spi.SqlExceptionHelper   : ERROR: conflicting key value violates exclusion constraint "ex_slot_overlap"
  Detail: Key (business_id, staff_member_id, tstzrange(start_utc, end_utc, '[)'::text))=(agenturtest, a1b2c3d4-0000-0000-0000-000000000002, ["2026-08-03 10:00:00+02","2026-08-03 11:00:00+02")) conflicts with existing key (business_id, staff_member_id, tstzrange(start_utc, end_utc, '[)'::text))=(agenturtest, a1b2c3d4-0000-0000-0000-000000000002, ["2026-08-03 10:00:00+02","2026-08-03 11:00:00+02")).
2026-07-29T21:13:20.925+02:00  WARN 22880 --- [azure-buchungs-api] [o-auto-1-exec-9] o.h.engine.jdbc.spi.SqlExceptionHelper   : SQL Error: 0, SQLState: 23P01
2026-07-29T21:13:20.926+02:00 ERROR 22880 --- [azure-buchungs-api] [o-auto-1-exec-9] o.h.engine.jdbc.spi.SqlExceptionHelper   : ERROR: conflicting key value violates exclusion constraint "ex_slot_overlap"
  Detail: Key (business_id, staff_member_id, tstzrange(start_utc, end_utc, '[)'::text))=(agenturtest, a1b2c3d4-0000-0000-0000-000000000002, ["2026-08-03 10:00:00+02","2026-08-03 11:00:00+02")) conflicts with existing key (business_id, staff_member_id, tstzrange(start_utc, end_utc, '[)'::text))=(agenturtest, a1b2c3d4-0000-0000-0000-000000000002, ["2026-08-03 10:00:00+02","2026-08-03 11:00:00+02")).
2026-07-29T21:13:20.925+02:00  WARN 22880 --- [azure-buchungs-api] [o-auto-1-exec-5] o.h.engine.jdbc.spi.SqlExceptionHelper   : SQL Error: 0, SQLState: 23P01
2026-07-29T21:13:20.925+02:00  WARN 22880 --- [azure-buchungs-api] [-auto-1-exec-11] o.h.engine.jdbc.spi.SqlExceptionHelper   : SQL Error: 0, SQLState: 23P01
2026-07-29T21:13:20.925+02:00 ERROR 22880 --- [azure-buchungs-api] [o-auto-1-exec-4] o.h.engine.jdbc.spi.SqlExceptionHelper   : ERROR: conflicting key value violates exclusion constraint "ex_slot_overlap"
  Detail: Key (business_id, staff_member_id, tstzrange(start_utc, end_utc, '[)'::text))=(agenturtest, a1b2c3d4-0000-0000-0000-000000000002, ["2026-08-03 10:00:00+02","2026-08-03 11:00:00+02")) conflicts with existing key (business_id, staff_member_id, tstzrange(start_utc, end_utc, '[)'::text))=(agenturtest, a1b2c3d4-0000-0000-0000-000000000002, ["2026-08-03 10:00:00+02","2026-08-03 11:00:00+02")).
2026-07-29T21:13:20.926+02:00  WARN 22880 --- [azure-buchungs-api] [o-auto-1-exec-8] o.h.engine.jdbc.spi.SqlExceptionHelper   : SQL Error: 0, SQLState: 23P01
2026-07-29T21:13:20.926+02:00 ERROR 22880 --- [azure-buchungs-api] [o-auto-1-exec-5] o.h.engine.jdbc.spi.SqlExceptionHelper   : ERROR: conflicting key value violates exclusion constraint "ex_slot_overlap"
  Detail: Key (business_id, staff_member_id, tstzrange(start_utc, end_utc, '[)'::text))=(agenturtest, a1b2c3d4-0000-0000-0000-000000000002, ["2026-08-03 10:00:00+02","2026-08-03 11:00:00+02")) conflicts with existing key (business_id, staff_member_id, tstzrange(start_utc, end_utc, '[)'::text))=(agenturtest, a1b2c3d4-0000-0000-0000-000000000002, ["2026-08-03 10:00:00+02","2026-08-03 11:00:00+02")).
2026-07-29T21:13:20.927+02:00 ERROR 22880 --- [azure-buchungs-api] [o-auto-1-exec-8] o.h.engine.jdbc.spi.SqlExceptionHelper   : ERROR: conflicting key value violates exclusion constraint "ex_slot_overlap"
  Detail: Key (business_id, staff_member_id, tstzrange(start_utc, end_utc, '[)'::text))=(agenturtest, a1b2c3d4-0000-0000-0000-000000000002, ["2026-08-03 10:00:00+02","2026-08-03 11:00:00+02")) conflicts with existing key (business_id, staff_member_id, tstzrange(start_utc, end_utc, '[)'::text))=(agenturtest, a1b2c3d4-0000-0000-0000-000000000002, ["2026-08-03 10:00:00+02","2026-08-03 11:00:00+02")).
2026-07-29T21:13:20.927+02:00 ERROR 22880 --- [azure-buchungs-api] [-auto-1-exec-11] o.h.engine.jdbc.spi.SqlExceptionHelper   : ERROR: conflicting key value violates exclusion constraint "ex_slot_overlap"
  Detail: Key (business_id, staff_member_id, tstzrange(start_utc, end_utc, '[)'::text))=(agenturtest, a1b2c3d4-0000-0000-0000-000000000002, ["2026-08-03 10:00:00+02","2026-08-03 11:00:00+02")) conflicts with existing key (business_id, staff_member_id, tstzrange(start_utc, end_utc, '[)'::text))=(agenturtest, a1b2c3d4-0000-0000-0000-000000000002, ["2026-08-03 10:00:00+02","2026-08-03 11:00:00+02")).
2026-07-29T21:13:20.927+02:00  WARN 22880 --- [azure-buchungs-api] [-auto-1-exec-14] o.h.engine.jdbc.spi.SqlExceptionHelper   : SQL Error: 0, SQLState: 23P01
2026-07-29T21:13:20.928+02:00 ERROR 22880 --- [azure-buchungs-api] [-auto-1-exec-14] o.h.engine.jdbc.spi.SqlExceptionHelper   : ERROR: conflicting key value violates exclusion constraint "ex_slot_overlap"
  Detail: Key (business_id, staff_member_id, tstzrange(start_utc, end_utc, '[)'::text))=(agenturtest, a1b2c3d4-0000-0000-0000-000000000002, ["2026-08-03 10:00:00+02","2026-08-03 11:00:00+02")) conflicts with existing key (business_id, staff_member_id, tstzrange(start_utc, end_utc, '[)'::text))=(agenturtest, a1b2c3d4-0000-0000-0000-000000000002, ["2026-08-03 10:00:00+02","2026-08-03 11:00:00+02")).
2026-07-29T21:13:20.936+02:00  INFO 22880 --- [azure-buchungs-api] [o-auto-1-exec-4] c.b.a.i.p.SlotReservationJpaAdapter      : Slot bereits belegt: Betrieb=agenturtest, Mitarbeiter=[a1b2c3d4-0000-0000-0000-000000000002], 2026-08-03T08:00:00Z – 2026-08-03T09:00:00Z
2026-07-29T21:13:20.936+02:00  INFO 22880 --- [azure-buchungs-api] [o-auto-1-exec-8] c.b.a.i.p.SlotReservationJpaAdapter      : Slot bereits belegt: Betrieb=agenturtest, Mitarbeiter=[a1b2c3d4-0000-0000-0000-000000000002], 2026-08-03T08:00:00Z – 2026-08-03T09:00:00Z
2026-07-29T21:13:20.936+02:00  INFO 22880 --- [azure-buchungs-api] [-auto-1-exec-16] c.b.a.i.p.SlotReservationJpaAdapter      : Slot bereits belegt: Betrieb=agenturtest, Mitarbeiter=[a1b2c3d4-0000-0000-0000-000000000002], 2026-08-03T08:00:00Z – 2026-08-03T09:00:00Z
2026-07-29T21:13:20.936+02:00  INFO 22880 --- [azure-buchungs-api] [-auto-1-exec-14] c.b.a.i.p.SlotReservationJpaAdapter      : Slot bereits belegt: Betrieb=agenturtest, Mitarbeiter=[a1b2c3d4-0000-0000-0000-000000000002], 2026-08-03T08:00:00Z – 2026-08-03T09:00:00Z
2026-07-29T21:13:20.936+02:00  INFO 22880 --- [azure-buchungs-api] [-auto-1-exec-15] c.b.a.i.p.SlotReservationJpaAdapter      : Slot bereits belegt: Betrieb=agenturtest, Mitarbeiter=[a1b2c3d4-0000-0000-0000-000000000002], 2026-08-03T08:00:00Z – 2026-08-03T09:00:00Z
2026-07-29T21:13:20.936+02:00  INFO 22880 --- [azure-buchungs-api] [-auto-1-exec-10] c.b.a.i.p.SlotReservationJpaAdapter      : Slot bereits belegt: Betrieb=agenturtest, Mitarbeiter=[a1b2c3d4-0000-0000-0000-000000000002], 2026-08-03T08:00:00Z – 2026-08-03T09:00:00Z
2026-07-29T21:13:20.936+02:00  INFO 22880 --- [azure-buchungs-api] [o-auto-1-exec-5] c.b.a.i.p.SlotReservationJpaAdapter      : Slot bereits belegt: Betrieb=agenturtest, Mitarbeiter=[a1b2c3d4-0000-0000-0000-000000000002], 2026-08-03T08:00:00Z – 2026-08-03T09:00:00Z
2026-07-29T21:13:20.936+02:00  INFO 22880 --- [azure-buchungs-api] [o-auto-1-exec-9] c.b.a.i.p.SlotReservationJpaAdapter      : Slot bereits belegt: Betrieb=agenturtest, Mitarbeiter=[a1b2c3d4-0000-0000-0000-000000000002], 2026-08-03T08:00:00Z – 2026-08-03T09:00:00Z
2026-07-29T21:13:20.936+02:00  INFO 22880 --- [azure-buchungs-api] [-auto-1-exec-12] c.b.a.i.p.SlotReservationJpaAdapter      : Slot bereits belegt: Betrieb=agenturtest, Mitarbeiter=[a1b2c3d4-0000-0000-0000-000000000002], 2026-08-03T08:00:00Z – 2026-08-03T09:00:00Z
2026-07-29T21:13:20.936+02:00  INFO 22880 --- [azure-buchungs-api] [-auto-1-exec-11] c.b.a.i.p.SlotReservationJpaAdapter      : Slot bereits belegt: Betrieb=agenturtest, Mitarbeiter=[a1b2c3d4-0000-0000-0000-000000000002], 2026-08-03T08:00:00Z – 2026-08-03T09:00:00Z
2026-07-29T21:13:20.948+02:00  WARN 22880 --- [azure-buchungs-api] [-auto-1-exec-17] o.h.engine.jdbc.spi.SqlExceptionHelper   : SQL Error: 0, SQLState: 23P01
2026-07-29T21:13:20.948+02:00  WARN 22880 --- [azure-buchungs-api] [-auto-1-exec-20] o.h.engine.jdbc.spi.SqlExceptionHelper   : SQL Error: 0, SQLState: 23P01
2026-07-29T21:13:20.948+02:00 ERROR 22880 --- [azure-buchungs-api] [-auto-1-exec-17] o.h.engine.jdbc.spi.SqlExceptionHelper   : ERROR: conflicting key value violates exclusion constraint "ex_slot_overlap"
  Detail: Key (business_id, staff_member_id, tstzrange(start_utc, end_utc, '[)'::text))=(agenturtest, a1b2c3d4-0000-0000-0000-000000000002, ["2026-08-03 10:00:00+02","2026-08-03 11:00:00+02")) conflicts with existing key (business_id, staff_member_id, tstzrange(start_utc, end_utc, '[)'::text))=(agenturtest, a1b2c3d4-0000-0000-0000-000000000002, ["2026-08-03 10:00:00+02","2026-08-03 11:00:00+02")).
2026-07-29T21:13:20.949+02:00  WARN 22880 --- [azure-buchungs-api] [o-auto-1-exec-7] o.h.engine.jdbc.spi.SqlExceptionHelper   : SQL Error: 0, SQLState: 23P01
2026-07-29T21:13:20.949+02:00  WARN 22880 --- [azure-buchungs-api] [o-auto-1-exec-3] o.h.engine.jdbc.spi.SqlExceptionHelper   : SQL Error: 0, SQLState: 23P01
2026-07-29T21:13:20.948+02:00  WARN 22880 --- [azure-buchungs-api] [o-auto-1-exec-6] o.h.engine.jdbc.spi.SqlExceptionHelper   : SQL Error: 0, SQLState: 23P01
2026-07-29T21:13:20.949+02:00 ERROR 22880 --- [azure-buchungs-api] [o-auto-1-exec-3] o.h.engine.jdbc.spi.SqlExceptionHelper   : ERROR: conflicting key value violates exclusion constraint "ex_slot_overlap"
  Detail: Key (business_id, staff_member_id, tstzrange(start_utc, end_utc, '[)'::text))=(agenturtest, a1b2c3d4-0000-0000-0000-000000000002, ["2026-08-03 10:00:00+02","2026-08-03 11:00:00+02")) conflicts with existing key (business_id, staff_member_id, tstzrange(start_utc, end_utc, '[)'::text))=(agenturtest, a1b2c3d4-0000-0000-0000-000000000002, ["2026-08-03 10:00:00+02","2026-08-03 11:00:00+02")).
2026-07-29T21:13:20.948+02:00  WARN 22880 --- [azure-buchungs-api] [o-auto-1-exec-1] o.h.engine.jdbc.spi.SqlExceptionHelper   : SQL Error: 0, SQLState: 23P01
2026-07-29T21:13:20.948+02:00  WARN 22880 --- [azure-buchungs-api] [o-auto-1-exec-2] o.h.engine.jdbc.spi.SqlExceptionHelper   : SQL Error: 0, SQLState: 23P01
2026-07-29T21:13:20.948+02:00  WARN 22880 --- [azure-buchungs-api] [-auto-1-exec-18] o.h.engine.jdbc.spi.SqlExceptionHelper   : SQL Error: 0, SQLState: 23P01
2026-07-29T21:13:20.949+02:00 ERROR 22880 --- [azure-buchungs-api] [-auto-1-exec-20] o.h.engine.jdbc.spi.SqlExceptionHelper   : ERROR: conflicting key value violates exclusion constraint "ex_slot_overlap"
  Detail: Key (business_id, staff_member_id, tstzrange(start_utc, end_utc, '[)'::text))=(agenturtest, a1b2c3d4-0000-0000-0000-000000000002, ["2026-08-03 10:00:00+02","2026-08-03 11:00:00+02")) conflicts with existing key (business_id, staff_member_id, tstzrange(start_utc, end_utc, '[)'::text))=(agenturtest, a1b2c3d4-0000-0000-0000-000000000002, ["2026-08-03 10:00:00+02","2026-08-03 11:00:00+02")).
2026-07-29T21:13:20.949+02:00  WARN 22880 --- [azure-buchungs-api] [-auto-1-exec-19] o.h.engine.jdbc.spi.SqlExceptionHelper   : SQL Error: 0, SQLState: 23P01
2026-07-29T21:13:20.949+02:00 ERROR 22880 --- [azure-buchungs-api] [o-auto-1-exec-7] o.h.engine.jdbc.spi.SqlExceptionHelper   : ERROR: conflicting key value violates exclusion constraint "ex_slot_overlap"
  Detail: Key (business_id, staff_member_id, tstzrange(start_utc, end_utc, '[)'::text))=(agenturtest, a1b2c3d4-0000-0000-0000-000000000002, ["2026-08-03 10:00:00+02","2026-08-03 11:00:00+02")) conflicts with existing key (business_id, staff_member_id, tstzrange(start_utc, end_utc, '[)'::text))=(agenturtest, a1b2c3d4-0000-0000-0000-000000000002, ["2026-08-03 10:00:00+02","2026-08-03 11:00:00+02")).
2026-07-29T21:13:20.949+02:00 ERROR 22880 --- [azure-buchungs-api] [o-auto-1-exec-6] o.h.engine.jdbc.spi.SqlExceptionHelper   : ERROR: conflicting key value violates exclusion constraint "ex_slot_overlap"
  Detail: Key (business_id, staff_member_id, tstzrange(start_utc, end_utc, '[)'::text))=(agenturtest, a1b2c3d4-0000-0000-0000-000000000002, ["2026-08-03 10:00:00+02","2026-08-03 11:00:00+02")) conflicts with existing key (business_id, staff_member_id, tstzrange(start_utc, end_utc, '[)'::text))=(agenturtest, a1b2c3d4-0000-0000-0000-000000000002, ["2026-08-03 10:00:00+02","2026-08-03 11:00:00+02")).
2026-07-29T21:13:20.949+02:00 ERROR 22880 --- [azure-buchungs-api] [o-auto-1-exec-1] o.h.engine.jdbc.spi.SqlExceptionHelper   : ERROR: conflicting key value violates exclusion constraint "ex_slot_overlap"
  Detail: Key (business_id, staff_member_id, tstzrange(start_utc, end_utc, '[)'::text))=(agenturtest, a1b2c3d4-0000-0000-0000-000000000002, ["2026-08-03 10:00:00+02","2026-08-03 11:00:00+02")) conflicts with existing key (business_id, staff_member_id, tstzrange(start_utc, end_utc, '[)'::text))=(agenturtest, a1b2c3d4-0000-0000-0000-000000000002, ["2026-08-03 10:00:00+02","2026-08-03 11:00:00+02")).
2026-07-29T21:13:20.949+02:00 ERROR 22880 --- [azure-buchungs-api] [o-auto-1-exec-2] o.h.engine.jdbc.spi.SqlExceptionHelper   : ERROR: conflicting key value violates exclusion constraint "ex_slot_overlap"
  Detail: Key (business_id, staff_member_id, tstzrange(start_utc, end_utc, '[)'::text))=(agenturtest, a1b2c3d4-0000-0000-0000-000000000002, ["2026-08-03 10:00:00+02","2026-08-03 11:00:00+02")) conflicts with existing key (business_id, staff_member_id, tstzrange(start_utc, end_utc, '[)'::text))=(agenturtest, a1b2c3d4-0000-0000-0000-000000000002, ["2026-08-03 10:00:00+02","2026-08-03 11:00:00+02")).
2026-07-29T21:13:20.949+02:00 ERROR 22880 --- [azure-buchungs-api] [-auto-1-exec-18] o.h.engine.jdbc.spi.SqlExceptionHelper   : ERROR: conflicting key value violates exclusion constraint "ex_slot_overlap"
  Detail: Key (business_id, staff_member_id, tstzrange(start_utc, end_utc, '[)'::text))=(agenturtest, a1b2c3d4-0000-0000-0000-000000000002, ["2026-08-03 10:00:00+02","2026-08-03 11:00:00+02")) conflicts with existing key (business_id, staff_member_id, tstzrange(start_utc, end_utc, '[)'::text))=(agenturtest, a1b2c3d4-0000-0000-0000-000000000002, ["2026-08-03 10:00:00+02","2026-08-03 11:00:00+02")).
2026-07-29T21:13:20.949+02:00  INFO 22880 --- [azure-buchungs-api] [o-auto-1-exec-3] c.b.a.i.p.SlotReservationJpaAdapter      : Slot bereits belegt: Betrieb=agenturtest, Mitarbeiter=[a1b2c3d4-0000-0000-0000-000000000002], 2026-08-03T08:00:00Z – 2026-08-03T09:00:00Z
2026-07-29T21:13:20.949+02:00 ERROR 22880 --- [azure-buchungs-api] [-auto-1-exec-19] o.h.engine.jdbc.spi.SqlExceptionHelper   : ERROR: conflicting key value violates exclusion constraint "ex_slot_overlap"
  Detail: Key (business_id, staff_member_id, tstzrange(start_utc, end_utc, '[)'::text))=(agenturtest, a1b2c3d4-0000-0000-0000-000000000002, ["2026-08-03 10:00:00+02","2026-08-03 11:00:00+02")) conflicts with existing key (business_id, staff_member_id, tstzrange(start_utc, end_utc, '[)'::text))=(agenturtest, a1b2c3d4-0000-0000-0000-000000000002, ["2026-08-03 10:00:00+02","2026-08-03 11:00:00+02")).
2026-07-29T21:13:20.949+02:00  INFO 22880 --- [azure-buchungs-api] [-auto-1-exec-17] c.b.a.i.p.SlotReservationJpaAdapter      : Slot bereits belegt: Betrieb=agenturtest, Mitarbeiter=[a1b2c3d4-0000-0000-0000-000000000002], 2026-08-03T08:00:00Z – 2026-08-03T09:00:00Z
2026-07-29T21:13:20.949+02:00  INFO 22880 --- [azure-buchungs-api] [-auto-1-exec-20] c.b.a.i.p.SlotReservationJpaAdapter      : Slot bereits belegt: Betrieb=agenturtest, Mitarbeiter=[a1b2c3d4-0000-0000-0000-000000000002], 2026-08-03T08:00:00Z – 2026-08-03T09:00:00Z
2026-07-29T21:13:20.949+02:00  INFO 22880 --- [azure-buchungs-api] [o-auto-1-exec-6] c.b.a.i.p.SlotReservationJpaAdapter      : Slot bereits belegt: Betrieb=agenturtest, Mitarbeiter=[a1b2c3d4-0000-0000-0000-000000000002], 2026-08-03T08:00:00Z – 2026-08-03T09:00:00Z
2026-07-29T21:13:20.949+02:00  INFO 22880 --- [azure-buchungs-api] [o-auto-1-exec-7] c.b.a.i.p.SlotReservationJpaAdapter      : Slot bereits belegt: Betrieb=agenturtest, Mitarbeiter=[a1b2c3d4-0000-0000-0000-000000000002], 2026-08-03T08:00:00Z – 2026-08-03T09:00:00Z
2026-07-29T21:13:20.949+02:00  INFO 22880 --- [azure-buchungs-api] [o-auto-1-exec-1] c.b.a.i.p.SlotReservationJpaAdapter      : Slot bereits belegt: Betrieb=agenturtest, Mitarbeiter=[a1b2c3d4-0000-0000-0000-000000000002], 2026-08-03T08:00:00Z – 2026-08-03T09:00:00Z
2026-07-29T21:13:20.950+02:00  INFO 22880 --- [azure-buchungs-api] [o-auto-1-exec-2] c.b.a.i.p.SlotReservationJpaAdapter      : Slot bereits belegt: Betrieb=agenturtest, Mitarbeiter=[a1b2c3d4-0000-0000-0000-000000000002], 2026-08-03T08:00:00Z – 2026-08-03T09:00:00Z
2026-07-29T21:13:20.950+02:00  INFO 22880 --- [azure-buchungs-api] [-auto-1-exec-19] c.b.a.i.p.SlotReservationJpaAdapter      : Slot bereits belegt: Betrieb=agenturtest, Mitarbeiter=[a1b2c3d4-0000-0000-0000-000000000002], 2026-08-03T08:00:00Z – 2026-08-03T09:00:00Z
2026-07-29T21:13:20.950+02:00  INFO 22880 --- [azure-buchungs-api] [-auto-1-exec-18] c.b.a.i.p.SlotReservationJpaAdapter      : Slot bereits belegt: Betrieb=agenturtest, Mitarbeiter=[a1b2c3d4-0000-0000-0000-000000000002], 2026-08-03T08:00:00Z – 2026-08-03T09:00:00Z
2026-07-29T21:13:20.954+02:00  INFO 22880 --- [azure-buchungs-api] [-auto-1-exec-14] c.b.a.exception.GlobalExceptionHandler   : Slot-Kollision abgewiesen: Der Zeitraum 2026-08-03T08:00:00Z bis 2026-08-03T09:00:00Z ist für mindestens einen der Mitarbeiter [a1b2c3d4-0000-0000-0000-000000000002] bereits belegt.
2026-07-29T21:13:20.954+02:00  INFO 22880 --- [azure-buchungs-api] [o-auto-1-exec-7] c.b.a.exception.GlobalExceptionHandler   : Slot-Kollision abgewiesen: Der Zeitraum 2026-08-03T08:00:00Z bis 2026-08-03T09:00:00Z ist für mindestens einen der Mitarbeiter [a1b2c3d4-0000-0000-0000-000000000002] bereits belegt.
2026-07-29T21:13:20.954+02:00  INFO 22880 --- [azure-buchungs-api] [-auto-1-exec-15] c.b.a.exception.GlobalExceptionHandler   : Slot-Kollision abgewiesen: Der Zeitraum 2026-08-03T08:00:00Z bis 2026-08-03T09:00:00Z ist für mindestens einen der Mitarbeiter [a1b2c3d4-0000-0000-0000-000000000002] bereits belegt.
2026-07-29T21:13:20.954+02:00  INFO 22880 --- [azure-buchungs-api] [o-auto-1-exec-1] c.b.a.exception.GlobalExceptionHandler   : Slot-Kollision abgewiesen: Der Zeitraum 2026-08-03T08:00:00Z bis 2026-08-03T09:00:00Z ist für mindestens einen der Mitarbeiter [a1b2c3d4-0000-0000-0000-000000000002] bereits belegt.
2026-07-29T21:13:20.954+02:00  INFO 22880 --- [azure-buchungs-api] [-auto-1-exec-18] c.b.a.exception.GlobalExceptionHandler   : Slot-Kollision abgewiesen: Der Zeitraum 2026-08-03T08:00:00Z bis 2026-08-03T09:00:00Z ist für mindestens einen der Mitarbeiter [a1b2c3d4-0000-0000-0000-000000000002] bereits belegt.
2026-07-29T21:13:20.954+02:00  INFO 22880 --- [azure-buchungs-api] [o-auto-1-exec-6] c.b.a.exception.GlobalExceptionHandler   : Slot-Kollision abgewiesen: Der Zeitraum 2026-08-03T08:00:00Z bis 2026-08-03T09:00:00Z ist für mindestens einen der Mitarbeiter [a1b2c3d4-0000-0000-0000-000000000002] bereits belegt.
2026-07-29T21:13:20.954+02:00  INFO 22880 --- [azure-buchungs-api] [o-auto-1-exec-5] c.b.a.exception.GlobalExceptionHandler   : Slot-Kollision abgewiesen: Der Zeitraum 2026-08-03T08:00:00Z bis 2026-08-03T09:00:00Z ist für mindestens einen der Mitarbeiter [a1b2c3d4-0000-0000-0000-000000000002] bereits belegt.
2026-07-29T21:13:20.954+02:00  INFO 22880 --- [azure-buchungs-api] [o-auto-1-exec-9] c.b.a.exception.GlobalExceptionHandler   : Slot-Kollision abgewiesen: Der Zeitraum 2026-08-03T08:00:00Z bis 2026-08-03T09:00:00Z ist für mindestens einen der Mitarbeiter [a1b2c3d4-0000-0000-0000-000000000002] bereits belegt.
2026-07-29T21:13:20.954+02:00  INFO 22880 --- [azure-buchungs-api] [-auto-1-exec-20] c.b.a.exception.GlobalExceptionHandler   : Slot-Kollision abgewiesen: Der Zeitraum 2026-08-03T08:00:00Z bis 2026-08-03T09:00:00Z ist für mindestens einen der Mitarbeiter [a1b2c3d4-0000-0000-0000-000000000002] bereits belegt.
2026-07-29T21:13:20.954+02:00  INFO 22880 --- [azure-buchungs-api] [o-auto-1-exec-4] c.b.a.exception.GlobalExceptionHandler   : Slot-Kollision abgewiesen: Der Zeitraum 2026-08-03T08:00:00Z bis 2026-08-03T09:00:00Z ist für mindestens einen der Mitarbeiter [a1b2c3d4-0000-0000-0000-000000000002] bereits belegt.
2026-07-29T21:13:20.954+02:00  INFO 22880 --- [azure-buchungs-api] [o-auto-1-exec-3] c.b.a.exception.GlobalExceptionHandler   : Slot-Kollision abgewiesen: Der Zeitraum 2026-08-03T08:00:00Z bis 2026-08-03T09:00:00Z ist für mindestens einen der Mitarbeiter [a1b2c3d4-0000-0000-0000-000000000002] bereits belegt.
2026-07-29T21:13:20.954+02:00  INFO 22880 --- [azure-buchungs-api] [o-auto-1-exec-8] c.b.a.exception.GlobalExceptionHandler   : Slot-Kollision abgewiesen: Der Zeitraum 2026-08-03T08:00:00Z bis 2026-08-03T09:00:00Z ist für mindestens einen der Mitarbeiter [a1b2c3d4-0000-0000-0000-000000000002] bereits belegt.
2026-07-29T21:13:20.954+02:00  INFO 22880 --- [azure-buchungs-api] [-auto-1-exec-10] c.b.a.exception.GlobalExceptionHandler   : Slot-Kollision abgewiesen: Der Zeitraum 2026-08-03T08:00:00Z bis 2026-08-03T09:00:00Z ist für mindestens einen der Mitarbeiter [a1b2c3d4-0000-0000-0000-000000000002] bereits belegt.
2026-07-29T21:13:20.954+02:00  INFO 22880 --- [azure-buchungs-api] [-auto-1-exec-11] c.b.a.exception.GlobalExceptionHandler   : Slot-Kollision abgewiesen: Der Zeitraum 2026-08-03T08:00:00Z bis 2026-08-03T09:00:00Z ist für mindestens einen der Mitarbeiter [a1b2c3d4-0000-0000-0000-000000000002] bereits belegt.
2026-07-29T21:13:20.954+02:00  INFO 22880 --- [azure-buchungs-api] [-auto-1-exec-16] c.b.a.exception.GlobalExceptionHandler   : Slot-Kollision abgewiesen: Der Zeitraum 2026-08-03T08:00:00Z bis 2026-08-03T09:00:00Z ist für mindestens einen der Mitarbeiter [a1b2c3d4-0000-0000-0000-000000000002] bereits belegt.
2026-07-29T21:13:20.954+02:00  INFO 22880 --- [azure-buchungs-api] [-auto-1-exec-17] c.b.a.exception.GlobalExceptionHandler   : Slot-Kollision abgewiesen: Der Zeitraum 2026-08-03T08:00:00Z bis 2026-08-03T09:00:00Z ist für mindestens einen der Mitarbeiter [a1b2c3d4-0000-0000-0000-000000000002] bereits belegt.
2026-07-29T21:13:20.954+02:00  INFO 22880 --- [azure-buchungs-api] [-auto-1-exec-19] c.b.a.exception.GlobalExceptionHandler   : Slot-Kollision abgewiesen: Der Zeitraum 2026-08-03T08:00:00Z bis 2026-08-03T09:00:00Z ist für mindestens einen der Mitarbeiter [a1b2c3d4-0000-0000-0000-000000000002] bereits belegt.
2026-07-29T21:13:20.955+02:00  INFO 22880 --- [azure-buchungs-api] [-auto-1-exec-12] c.b.a.exception.GlobalExceptionHandler   : Slot-Kollision abgewiesen: Der Zeitraum 2026-08-03T08:00:00Z bis 2026-08-03T09:00:00Z ist für mindestens einen der Mitarbeiter [a1b2c3d4-0000-0000-0000-000000000002] bereits belegt.
2026-07-29T21:13:20.955+02:00  INFO 22880 --- [azure-buchungs-api] [o-auto-1-exec-2] c.b.a.exception.GlobalExceptionHandler   : Slot-Kollision abgewiesen: Der Zeitraum 2026-08-03T08:00:00Z bis 2026-08-03T09:00:00Z ist für mindestens einen der Mitarbeiter [a1b2c3d4-0000-0000-0000-000000000002] bereits belegt.
]]></system-out>
    <system-err><![CDATA[WARNING: A Java agent has been loaded dynamically (C:\Users\rauls\.m2\repository\net\bytebuddy\byte-buddy-agent\1.14.12\byte-buddy-agent-1.14.12.jar)
WARNING: If a serviceability tool is in use, please run with -XX:+EnableDynamicAgentLoading to hide this warning
WARNING: If a serviceability tool is not in use, please run with -Djdk.instrument.traceUsage for more information
WARNING: Dynamic loading of agents will be disallowed by default in a future release
]]></system-err>
  </testcase>
  <testcase name="teilweiseUeberschneidung" classname="com.booking.azure.service.AppointmentConcurrencyTest" time="0.072">
    <system-out><![CDATA[2026-07-29T21:13:21.730+02:00  INFO 22880 --- [azure-buchungs-api] [-auto-1-exec-18] c.b.azure.service.AppointmentService     : Neuer Termin wird erstellt in Betrieb agenturtest, Dienst: 5d1f2b3c-0000-0000-0000-000000000001
2026-07-29T21:13:21.761+02:00  INFO 22880 --- [azure-buchungs-api] [-auto-1-exec-19] c.b.azure.service.AppointmentService     : Neuer Termin wird erstellt in Betrieb agenturtest, Dienst: 5d1f2b3c-0000-0000-0000-000000000001
2026-07-29T21:13:21.766+02:00  WARN 22880 --- [azure-buchungs-api] [-auto-1-exec-19] o.h.engine.jdbc.spi.SqlExceptionHelper   : SQL Error: 0, SQLState: 23P01
2026-07-29T21:13:21.766+02:00 ERROR 22880 --- [azure-buchungs-api] [-auto-1-exec-19] o.h.engine.jdbc.spi.SqlExceptionHelper   : ERROR: conflicting key value violates exclusion constraint "ex_slot_overlap"
  Detail: Key (business_id, staff_member_id, tstzrange(start_utc, end_utc, '[)'::text))=(agenturtest, a1b2c3d4-0000-0000-0000-000000000002, ["2026-08-03 10:30:00+02","2026-08-03 11:30:00+02")) conflicts with existing key (business_id, staff_member_id, tstzrange(start_utc, end_utc, '[)'::text))=(agenturtest, a1b2c3d4-0000-0000-0000-000000000002, ["2026-08-03 10:00:00+02","2026-08-03 11:00:00+02")).
2026-07-29T21:13:21.767+02:00  INFO 22880 --- [azure-buchungs-api] [-auto-1-exec-19] c.b.a.i.p.SlotReservationJpaAdapter      : Slot bereits belegt: Betrieb=agenturtest, Mitarbeiter=[a1b2c3d4-0000-0000-0000-000000000002], 2026-08-03T08:30:00Z – 2026-08-03T09:30:00Z
2026-07-29T21:13:21.768+02:00  INFO 22880 --- [azure-buchungs-api] [-auto-1-exec-19] c.b.a.exception.GlobalExceptionHandler   : Slot-Kollision abgewiesen: Der Zeitraum 2026-08-03T08:30:00Z bis 2026-08-03T09:30:00Z ist für mindestens einen der Mitarbeiter [a1b2c3d4-0000-0000-0000-000000000002] bereits belegt.
]]></system-out>
  </testcase>
</testsuite>